<?xml version="1.0" encoding="UTF-8"?>
<testsuite xmlns:xsi="http://www.w3.org/2001/XMLSchema-instance" xsi:noNamespaceSchemaLocation="https://maven.apache.org/surefire/maven-surefire-plugin/xsd/surefire-test-report.xsd" name="com.hfut.newsbackend.NewsInfoMapperBackendApplicationTests" time="4.524" tests="1" errors="0" skipped="0" failures="0">
  <properties>
    <property name="sun.desktop" value="windows"/>
    <property name="awt.toolkit" value="sun.awt.windows.WToolkit"/>
    <property name="file.encoding.pkg" value="sun.io"/>
    <property name="java.specification.version" value="1.8"/>
    <property name="sun.cpu.isalist" value="amd64"/>
    <property name="sun.jnu.encoding" value="GBK"/>
    <property name="java.class.path" value="D:\CodeArea\Other\NewsApp\news-backend\target\test-classes;D:\CodeArea\Other\NewsApp\news-backend\target\classes;D:\ProgramIDE\Environment\maven\repository\org\springframework\boot\spring-boot-starter-web\2.6.3\spring-boot-starter-web-2.6.3.jar;D:\ProgramIDE\Environment\maven\repository\org\springframework\boot\spring-boot-starter-json\2.6.3\spring-boot-starter-json-2.6.3.jar;D:\ProgramIDE\Environment\maven\repository\com\fasterxml\jackson\datatype\jackson-datatype-jdk8\2.13.1\jackson-datatype-jdk8-2.13.1.jar;D:\ProgramIDE\Environment\maven\repository\com\fasterxml\jackson\datatype\jackson-datatype-jsr310\2.13.1\jackson-datatype-jsr310-2.13.1.jar;D:\ProgramIDE\Environment\maven\repository\com\fasterxml\jackson\module\jackson-module-parameter-names\2.13.1\jackson-module-parameter-names-2.13.1.jar;D:\ProgramIDE\Environment\maven\repository\org\springframework\boot\spring-boot-starter-tomcat\2.6.3\spring-boot-starter-tomcat-2.6.3.jar;D:\ProgramIDE\Environment\maven\repository\org\apache\tomcat\embed\tomcat-embed-core\9.0.56\tomcat-embed-core-9.0.56.jar;D:\ProgramIDE\Environment\maven\repository\org\apache\tomcat\embed\tomcat-embed-el\9.0.56\tomcat-embed-el-9.0.56.jar;D:\ProgramIDE\Environment\maven\repository\org\apache\tomcat\embed\tomcat-embed-websocket\9.0.56\tomcat-embed-websocket-9.0.56.jar;D:\ProgramIDE\Environment\maven\repository\org\springframework\spring-web\5.3.15\spring-web-5.3.15.jar;D:\ProgramIDE\Environment\maven\repository\org\springframework\spring-beans\5.3.15\spring-beans-5.3.15.jar;D:\ProgramIDE\Environment\maven\repository\org\springframework\spring-webmvc\5.3.15\spring-webmvc-5.3.15.jar;D:\ProgramIDE\Environment\maven\repository\org\springframework\spring-context\5.3.15\spring-context-5.3.15.jar;D:\ProgramIDE\Environment\maven\repository\org\springframework\spring-expression\5.3.15\spring-expression-5.3.15.jar;D:\ProgramIDE\Environment\maven\repository\org\springframework\boot\spring-boot-starter\2.6.3\spring-boot-starter-2.6.3.jar;D:\ProgramIDE\Environment\maven\repository\org\springframework\boot\spring-boot\2.6.3\spring-boot-2.6.3.jar;D:\ProgramIDE\Environment\maven\repository\org\springframework\boot\spring-boot-autoconfigure\2.6.3\spring-boot-autoconfigure-2.6.3.jar;D:\ProgramIDE\Environment\maven\repository\org\springframework\boot\spring-boot-starter-logging\2.6.3\spring-boot-starter-logging-2.6.3.jar;D:\ProgramIDE\Environment\maven\repository\ch\qos\logback\logback-classic\1.2.10\logback-classic-1.2.10.jar;D:\ProgramIDE\Environment\maven\repository\ch\qos\logback\logback-core\1.2.10\logback-core-1.2.10.jar;D:\ProgramIDE\Environment\maven\repository\org\apache\logging\log4j\log4j-to-slf4j\2.17.1\log4j-to-slf4j-2.17.1.jar;D:\ProgramIDE\Environment\maven\repository\org\apache\logging\log4j\log4j-api\2.17.1\log4j-api-2.17.1.jar;D:\ProgramIDE\Environment\maven\repository\org\slf4j\jul-to-slf4j\1.7.33\jul-to-slf4j-1.7.33.jar;D:\ProgramIDE\Environment\maven\repository\jakarta\annotation\jakarta.annotation-api\1.3.5\jakarta.annotation-api-1.3.5.jar;D:\ProgramIDE\Environment\maven\repository\org\springframework\spring-core\5.3.15\spring-core-5.3.15.jar;D:\ProgramIDE\Environment\maven\repository\org\springframework\spring-jcl\5.3.15\spring-jcl-5.3.15.jar;D:\ProgramIDE\Environment\maven\repository\org\yaml\snakeyaml\1.29\snakeyaml-1.29.jar;D:\ProgramIDE\Environment\maven\repository\org\springframework\boot\spring-boot-starter-test\2.6.3\spring-boot-starter-test-2.6.3.jar;D:\ProgramIDE\Environment\maven\repository\org\springframework\boot\spring-boot-test\2.6.3\spring-boot-test-2.6.3.jar;D:\ProgramIDE\Environment\maven\repository\org\springframework\boot\spring-boot-test-autoconfigure\2.6.3\spring-boot-test-autoconfigure-2.6.3.jar;D:\ProgramIDE\Environment\maven\repository\com\jayway\jsonpath\json-path\2.6.0\json-path-2.6.0.jar;D:\ProgramIDE\Environment\maven\repository\net\minidev\json-smart\2.4.7\json-smart-2.4.7.jar;D:\ProgramIDE\Environment\maven\repository\net\minidev\accessors-smart\2.4.7\accessors-smart-2.4.7.jar;D:\ProgramIDE\Environment\maven\repository\org\ow2\asm\asm\9.1\asm-9.1.jar;D:\ProgramIDE\Environment\maven\repository\jakarta\xml\bind\jakarta.xml.bind-api\2.3.3\jakarta.xml.bind-api-2.3.3.jar;D:\ProgramIDE\Environment\maven\repository\jakarta\activation\jakarta.activation-api\1.2.2\jakarta.activation-api-1.2.2.jar;D:\ProgramIDE\Environment\maven\repository\org\assertj\assertj-core\3.21.0\assertj-core-3.21.0.jar;D:\ProgramIDE\Environment\maven\repository\org\hamcrest\hamcrest\2.2\hamcrest-2.2.jar;D:\ProgramIDE\Environment\maven\repository\org\junit\jupiter\junit-jupiter\5.8.2\junit-jupiter-5.8.2.jar;D:\ProgramIDE\Environment\maven\repository\org\junit\jupiter\junit-jupiter-api\5.8.2\junit-jupiter-api-5.8.2.jar;D:\ProgramIDE\Environment\maven\repository\org\opentest4j\opentest4j\1.2.0\opentest4j-1.2.0.jar;D:\ProgramIDE\Environment\maven\repository\org\junit\platform\junit-platform-commons\1.8.2\junit-platform-commons-1.8.2.jar;D:\ProgramIDE\Environment\maven\repository\org\apiguardian\apiguardian-api\1.1.2\apiguardian-api-1.1.2.jar;D:\ProgramIDE\Environment\maven\repository\org\junit\jupiter\junit-jupiter-params\5.8.2\junit-jupiter-params-5.8.2.jar;D:\ProgramIDE\Environment\maven\repository\org\junit\jupiter\junit-jupiter-engine\5.8.2\junit-jupiter-engine-5.8.2.jar;D:\ProgramIDE\Environment\maven\repository\org\junit\platform\junit-platform-engine\1.8.2\junit-platform-engine-1.8.2.jar;D:\ProgramIDE\Environment\maven\repository\org\mockito\mockito-core\4.0.0\mockito-core-4.0.0.jar;D:\ProgramIDE\Environment\maven\repository\net\bytebuddy\byte-buddy\1.11.22\byte-buddy-1.11.22.jar;D:\ProgramIDE\Environment\maven\repository\net\bytebuddy\byte-buddy-agent\1.11.22\byte-buddy-agent-1.11.22.jar;D:\ProgramIDE\Environment\maven\repository\org\objenesis\objenesis\3.2\objenesis-3.2.jar;D:\ProgramIDE\Environment\maven\repository\org\mockito\mockito-junit-jupiter\4.0.0\mockito-junit-jupiter-4.0.0.jar;D:\ProgramIDE\Environment\maven\repository\org\skyscreamer\jsonassert\1.5.0\jsonassert-1.5.0.jar;D:\ProgramIDE\Environment\maven\repository\com\vaadin\external\google\android-json\0.0.20131108.vaadin1\android-json-0.0.20131108.vaadin1.jar;D:\ProgramIDE\Environment\maven\repository\org\springframework\spring-test\5.3.15\spring-test-5.3.15.jar;D:\ProgramIDE\Environment\maven\repository\org\xmlunit\xmlunit-core\2.8.4\xmlunit-core-2.8.4.jar;D:\ProgramIDE\Environment\maven\repository\com\baomidou\mybatis-plus-boot-starter\3.5.1\mybatis-plus-boot-starter-3.5.1.jar;D:\ProgramIDE\Environment\maven\repository\com\baomidou\mybatis-plus\3.5.1\mybatis-plus-3.5.1.jar;D:\ProgramIDE\Environment\maven\repository\com\baomidou\mybatis-plus-extension\3.5.1\mybatis-plus-extension-3.5.1.jar;D:\ProgramIDE\Environment\maven\repository\com\baomidou\mybatis-plus-core\3.5.1\mybatis-plus-core-3.5.1.jar;D:\ProgramIDE\Environment\maven\repository\com\baomidou\mybatis-plus-annotation\3.5.1\mybatis-plus-annotation-3.5.1.jar;D:\ProgramIDE\Environment\maven\repository\com\github\jsqlparser\jsqlparser\4.3\jsqlparser-4.3.jar;D:\ProgramIDE\Environment\maven\repository\org\mybatis\mybatis\3.5.9\mybatis-3.5.9.jar;D:\ProgramIDE\Environment\maven\repository\org\mybatis\mybatis-spring\2.0.6\mybatis-spring-2.0.6.jar;D:\ProgramIDE\Environment\maven\repository\org\springframework\boot\spring-boot-starter-jdbc\2.6.3\spring-boot-starter-jdbc-2.6.3.jar;D:\ProgramIDE\Environment\maven\repository\com\zaxxer\HikariCP\4.0.3\HikariCP-4.0.3.jar;D:\ProgramIDE\Environment\maven\repository\org\springframework\spring-jdbc\5.3.15\spring-jdbc-5.3.15.jar;D:\ProgramIDE\Environment\maven\repository\com\h2database\h2\1.4.200\h2-1.4.200.jar;D:\ProgramIDE\Environment\maven\repository\mysql\mysql-connector-java\8.0.18\mysql-connector-java-8.0.18.jar;D:\ProgramIDE\Environment\maven\repository\org\springframework\boot\spring-boot-starter-data-jpa\2.6.3\spring-boot-starter-data-jpa-2.6.3.jar;D:\ProgramIDE\Environment\maven\repository\org\springframework\boot\spring-boot-starter-aop\2.6.3\spring-boot-starter-aop-2.6.3.jar;D:\ProgramIDE\Environment\maven\repository\org\aspectj\aspectjweaver\1.9.7\aspectjweaver-1.9.7.jar;D:\ProgramIDE\Environment\maven\repository\jakarta\transaction\jakarta.transaction-api\1.3.3\jakarta.transaction-api-1.3.3.jar;D:\ProgramIDE\Environment\maven\repository\jakarta\persistence\jakarta.persistence-api\2.2.3\jakarta.persistence-api-2.2.3.jar;D:\ProgramIDE\Environment\maven\repository\org\hibernate\hibernate-core\5.6.4.Final\hibernate-core-5.6.4.Final.jar;D:\ProgramIDE\Environment\maven\repository\org\jboss\logging\jboss-logging\3.4.3.Final\jboss-logging-3.4.3.Final.jar;D:\ProgramIDE\Environment\maven\repository\antlr\antlr\2.7.7\antlr-2.7.7.jar;D:\ProgramIDE\Environment\maven\repository\org\jboss\jandex\2.4.2.Final\jandex-2.4.2.Final.jar;D:\ProgramIDE\Environment\maven\repository\org\hibernate\common\hibernate-commons-annotations\5.1.2.Final\hibernate-commons-annotations-5.1.2.Final.jar;D:\ProgramIDE\Environment\maven\repository\org\glassfish\jaxb\jaxb-runtime\2.3.5\jaxb-runtime-2.3.5.jar;D:\ProgramIDE\Environment\maven\repository\org\glassfish\jaxb\txw2\2.3.5\txw2-2.3.5.jar;D:\ProgramIDE\Environment\maven\repository\com\sun\istack\istack-commons-runtime\3.0.12\istack-commons-runtime-3.0.12.jar;D:\ProgramIDE\Environment\maven\repository\com\sun\activation\jakarta.activation\1.2.2\jakarta.activation-1.2.2.jar;D:\ProgramIDE\Environment\maven\repository\org\springframework\data\spring-data-jpa\2.6.1\spring-data-jpa-2.6.1.jar;D:\ProgramIDE\Environment\maven\repository\org\springframework\data\spring-data-commons\2.6.1\spring-data-commons-2.6.1.jar;D:\ProgramIDE\Environment\maven\repository\org\springframework\spring-orm\5.3.15\spring-orm-5.3.15.jar;D:\ProgramIDE\Environment\maven\repository\org\springframework\spring-tx\5.3.15\spring-tx-5.3.15.jar;D:\ProgramIDE\Environment\maven\repository\org\springframework\spring-aspects\5.3.15\spring-aspects-5.3.15.jar;D:\ProgramIDE\Environment\maven\repository\org\projectlombok\lombok\1.18.22\lombok-1.18.22.jar;D:\ProgramIDE\Environment\maven\repository\com\alibaba\fastjson\1.2.79\fastjson-1.2.79.jar;D:\ProgramIDE\Environment\maven\repository\com\baomidou\mybatis-plus-generator\3.5.2\mybatis-plus-generator-3.5.2.jar;D:\ProgramIDE\Environment\maven\repository\io\springfox\springfox-swagger2\3.0.0\springfox-swagger2-3.0.0.jar;D:\ProgramIDE\Environment\maven\repository\io\springfox\springfox-spi\3.0.0\springfox-spi-3.0.0.jar;D:\ProgramIDE\Environment\maven\repository\io\springfox\springfox-core\3.0.0\springfox-core-3.0.0.jar;D:\ProgramIDE\Environment\maven\repository\io\springfox\springfox-schema\3.0.0\springfox-schema-3.0.0.jar;D:\ProgramIDE\Environment\maven\repository\io\springfox\springfox-swagger-common\3.0.0\springfox-swagger-common-3.0.0.jar;D:\ProgramIDE\Environment\maven\repository\io\swagger\core\v3\swagger-annotations\2.1.2\swagger-annotations-2.1.2.jar;D:\ProgramIDE\Environment\maven\repository\io\springfox\springfox-spring-web\3.0.0\springfox-spring-web-3.0.0.jar;D:\ProgramIDE\Environment\maven\repository\io\github\classgraph\classgraph\4.8.83\classgraph-4.8.83.jar;D:\ProgramIDE\Environment\maven\repository\io\springfox\springfox-spring-webmvc\3.0.0\springfox-spring-webmvc-3.0.0.jar;D:\ProgramIDE\Environment\maven\repository\io\springfox\springfox-spring-webflux\3.0.0\springfox-spring-webflux-3.0.0.jar;D:\ProgramIDE\Environment\maven\repository\com\fasterxml\classmate\1.5.1\classmate-1.5.1.jar;D:\ProgramIDE\Environment\maven\repository\org\slf4j\slf4j-api\1.7.33\slf4j-api-1.7.33.jar;D:\ProgramIDE\Environment\maven\repository\org\springframework\plugin\spring-plugin-core\2.0.0.RELEASE\spring-plugin-core-2.0.0.RELEASE.jar;D:\ProgramIDE\Environment\maven\repository\org\springframework\plugin\spring-plugin-metadata\2.0.0.RELEASE\spring-plugin-metadata-2.0.0.RELEASE.jar;D:\ProgramIDE\Environment\maven\repository\io\swagger\swagger-annotations\1.5.20\swagger-annotations-1.5.20.jar;D:\ProgramIDE\Environment\maven\repository\io\swagger\swagger-models\1.5.20\swagger-models-1.5.20.jar;D:\ProgramIDE\Environment\maven\repository\org\mapstruct\mapstruct\1.3.1.Final\mapstruct-1.3.1.Final.jar;D:\ProgramIDE\Environment\maven\repository\io\springfox\springfox-swagger-ui\3.0.0\springfox-swagger-ui-3.0.0.jar;D:\ProgramIDE\Environment\maven\repository\org\springframework\boot\spring-boot-starter-security\2.6.3\spring-boot-starter-security-2.6.3.jar;D:\ProgramIDE\Environment\maven\repository\org\springframework\spring-aop\5.3.15\spring-aop-5.3.15.jar;D:\ProgramIDE\Environment\maven\repository\org\springframework\security\spring-security-config\5.6.1\spring-security-config-5.6.1.jar;D:\ProgramIDE\Environment\maven\repository\org\springframework\security\spring-security-core\5.6.1\spring-security-core-5.6.1.jar;D:\ProgramIDE\Environment\maven\repository\org\springframework\security\spring-security-crypto\5.6.1\spring-security-crypto-5.6.1.jar;D:\ProgramIDE\Environment\maven\repository\org\springframework\security\spring-security-web\5.6.1\spring-security-web-5.6.1.jar;D:\ProgramIDE\Environment\maven\repository\org\springframework\boot\spring-boot-starter-data-redis\2.6.3\spring-boot-starter-data-redis-2.6.3.jar;D:\ProgramIDE\Environment\maven\repository\org\springframework\data\spring-data-redis\2.6.1\spring-data-redis-2.6.1.jar;D:\ProgramIDE\Environment\maven\repository\org\springframework\data\spring-data-keyvalue\2.6.1\spring-data-keyvalue-2.6.1.jar;D:\ProgramIDE\Environment\maven\repository\org\springframework\spring-oxm\5.3.15\spring-oxm-5.3.15.jar;D:\ProgramIDE\Environment\maven\repository\org\springframework\spring-context-support\5.3.15\spring-context-support-5.3.15.jar;D:\ProgramIDE\Environment\maven\repository\io\lettuce\lettuce-core\6.1.6.RELEASE\lettuce-core-6.1.6.RELEASE.jar;D:\ProgramIDE\Environment\maven\repository\io\netty\netty-common\4.1.73.Final\netty-common-4.1.73.Final.jar;D:\ProgramIDE\Environment\maven\repository\io\netty\netty-handler\4.1.73.Final\netty-handler-4.1.73.Final.jar;D:\ProgramIDE\Environment\maven\repository\io\netty\netty-resolver\4.1.73.Final\netty-resolver-4.1.73.Final.jar;D:\ProgramIDE\Environment\maven\repository\io\netty\netty-buffer\4.1.73.Final\netty-buffer-4.1.73.Final.jar;D:\ProgramIDE\Environment\maven\repository\io\netty\netty-codec\4.1.73.Final\netty-codec-4.1.73.Final.jar;D:\ProgramIDE\Environment\maven\repository\io\netty\netty-tcnative-classes\2.0.46.Final\netty-tcnative-classes-2.0.46.Final.jar;D:\ProgramIDE\Environment\maven\repository\io\netty\netty-transport\4.1.73.Final\netty-transport-4.1.73.Final.jar;D:\ProgramIDE\Environment\maven\repository\io\projectreactor\reactor-core\3.4.14\reactor-core-3.4.14.jar;D:\ProgramIDE\Environment\maven\repository\org\reactivestreams\reactive-streams\1.0.3\reactive-streams-1.0.3.jar;D:\ProgramIDE\Environment\maven\repository\io\jsonwebtoken\jjwt\0.9.0\jjwt-0.9.0.jar;D:\ProgramIDE\Environment\maven\repository\com\fasterxml\jackson\core\jackson-databind\2.13.1\jackson-databind-2.13.1.jar;D:\ProgramIDE\Environment\maven\repository\com\fasterxml\jackson\core\jackson-annotations\2.13.1\jackson-annotations-2.13.1.jar;D:\ProgramIDE\Environment\maven\repository\com\fasterxml\jackson\core\jackson-core\2.13.1\jackson-core-2.13.1.jar;"/>
    <property name="java.vm.vendor" value="Oracle Corporation"/>
    <property name="sun.arch.data.model" value="64"/>
    <property name="user.variant" value=""/>
    <property name="java.vendor.url" value="http://java.oracle.com/"/>
    <property name="user.timezone" value="Asia/Shanghai"/>
    <property name="java.vm.specification.version" value="1.8"/>
    <property name="os.name" value="Windows 10"/>
    <property name="user.country" value="CN"/>
    <property name="sun.java.launcher" value="SUN_STANDARD"/>
    <property name="sun.boot.library.path" value="D:\ProgramIDE\Environment\java\jdk8\jre\bin"/>
    <property name="sun.java.command" value="C:\Users\Lucky\AppData\Local\Temp\surefire502605804901893059\surefirebooter8374877574509487009.jar C:\Users\Lucky\AppData\Local\Temp\surefire502605804901893059 2022-03-24T16-27-55_412-jvmRun1 surefire1910825599019383458tmp surefire_02086536735487994410tmp"/>
    <property name="surefire.test.class.path" value="D:\CodeArea\Other\NewsApp\news-backend\target\test-classes;D:\CodeArea\Other\NewsApp\news-backend\target\classes;D:\ProgramIDE\Environment\maven\repository\org\springframework\boot\spring-boot-starter-web\2.6.3\spring-boot-starter-web-2.6.3.jar;D:\ProgramIDE\Environment\maven\repository\org\springframework\boot\spring-boot-starter-json\2.6.3\spring-boot-starter-json-2.6.3.jar;D:\ProgramIDE\Environment\maven\repository\com\fasterxml\jackson\datatype\jackson-datatype-jdk8\2.13.1\jackson-datatype-jdk8-2.13.1.jar;D:\ProgramIDE\Environment\maven\repository\com\fasterxml\jackson\datatype\jackson-datatype-jsr310\2.13.1\jackson-datatype-jsr310-2.13.1.jar;D:\ProgramIDE\Environment\maven\repository\com\fasterxml\jackson\module\jackson-module-parameter-names\2.13.1\jackson-module-parameter-names-2.13.1.jar;D:\ProgramIDE\Environment\maven\repository\org\springframework\boot\spring-boot-starter-tomcat\2.6.3\spring-boot-starter-tomcat-2.6.3.jar;D:\ProgramIDE\Environment\maven\repository\org\apache\tomcat\embed\tomcat-embed-core\9.0.56\tomcat-embed-core-9.0.56.jar;D:\ProgramIDE\Environment\maven\repository\org\apache\tomcat\embed\tomcat-embed-el\9.0.56\tomcat-embed-el-9.0.56.jar;D:\ProgramIDE\Environment\maven\repository\org\apache\tomcat\embed\tomcat-embed-websocket\9.0.56\tomcat-embed-websocket-9.0.56.jar;D:\ProgramIDE\Environment\maven\repository\org\springframework\spring-web\5.3.15\spring-web-5.3.15.jar;D:\ProgramIDE\Environment\maven\repository\org\springframework\spring-beans\5.3.15\spring-beans-5.3.15.jar;D:\ProgramIDE\Environment\maven\repository\org\springframework\spring-webmvc\5.3.15\spring-webmvc-5.3.15.jar;D:\ProgramIDE\Environment\maven\repository\org\springframework\spring-context\5.3.15\spring-context-5.3.15.jar;D:\ProgramIDE\Environment\maven\repository\org\springframework\spring-expression\5.3.15\spring-expression-5.3.15.jar;D:\ProgramIDE\Environment\maven\repository\org\springframework\boot\spring-boot-starter\2.6.3\spring-boot-starter-2.6.3.jar;D:\ProgramIDE\Environment\maven\repository\org\springframework\boot\spring-boot\2.6.3\spring-boot-2.6.3.jar;D:\ProgramIDE\Environment\maven\repository\org\springframework\boot\spring-boot-autoconfigure\2.6.3\spring-boot-autoconfigure-2.6.3.jar;D:\ProgramIDE\Environment\maven\repository\org\springframework\boot\spring-boot-starter-logging\2.6.3\spring-boot-starter-logging-2.6.3.jar;D:\ProgramIDE\Environment\maven\repository\ch\qos\logback\logback-classic\1.2.10\logback-classic-1.2.10.jar;D:\ProgramIDE\Environment\maven\repository\ch\qos\logback\logback-core\1.2.10\logback-core-1.2.10.jar;D:\ProgramIDE\Environment\maven\repository\org\apache\logging\log4j\log4j-to-slf4j\2.17.1\log4j-to-slf4j-2.17.1.jar;D:\ProgramIDE\Environment\maven\repository\org\apache\logging\log4j\log4j-api\2.17.1\log4j-api-2.17.1.jar;D:\ProgramIDE\Environment\maven\repository\org\slf4j\jul-to-slf4j\1.7.33\jul-to-slf4j-1.7.33.jar;D:\ProgramIDE\Environment\maven\repository\jakarta\annotation\jakarta.annotation-api\1.3.5\jakarta.annotation-api-1.3.5.jar;D:\ProgramIDE\Environment\maven\repository\org\springframework\spring-core\5.3.15\spring-core-5.3.15.jar;D:\ProgramIDE\Environment\maven\repository\org\springframework\spring-jcl\5.3.15\spring-jcl-5.3.15.jar;D:\ProgramIDE\Environment\maven\repository\org\yaml\snakeyaml\1.29\snakeyaml-1.29.jar;D:\ProgramIDE\Environment\maven\repository\org\springframework\boot\spring-boot-starter-test\2.6.3\spring-boot-starter-test-2.6.3.jar;D:\ProgramIDE\Environment\maven\repository\org\springframework\boot\spring-boot-test\2.6.3\spring-boot-test-2.6.3.jar;D:\ProgramIDE\Environment\maven\repository\org\springframework\boot\spring-boot-test-autoconfigure\2.6.3\spring-boot-test-autoconfigure-2.6.3.jar;D:\ProgramIDE\Environment\maven\repository\com\jayway\jsonpath\json-path\2.6.0\json-path-2.6.0.jar;D:\ProgramIDE\Environment\maven\repository\net\minidev\json-smart\2.4.7\json-smart-2.4.7.jar;D:\ProgramIDE\Environment\maven\repository\net\minidev\accessors-smart\2.4.7\accessors-smart-2.4.7.jar;D:\ProgramIDE\Environment\maven\repository\org\ow2\asm\asm\9.1\asm-9.1.jar;D:\ProgramIDE\Environment\maven\repository\jakarta\xml\bind\jakarta.xml.bind-api\2.3.3\jakarta.xml.bind-api-2.3.3.jar;D:\ProgramIDE\Environment\maven\repository\jakarta\activation\jakarta.activation-api\1.2.2\jakarta.activation-api-1.2.2.jar;D:\ProgramIDE\Environment\maven\repository\org\assertj\assertj-core\3.21.0\assertj-core-3.21.0.jar;D:\ProgramIDE\Environment\maven\repository\org\hamcrest\hamcrest\2.2\hamcrest-2.2.jar;D:\ProgramIDE\Environment\maven\repository\org\junit\jupiter\junit-jupiter\5.8.2\junit-jupiter-5.8.2.jar;D:\ProgramIDE\Environment\maven\repository\org\junit\jupiter\junit-jupiter-api\5.8.2\junit-jupiter-api-5.8.2.jar;D:\ProgramIDE\Environment\maven\repository\org\opentest4j\opentest4j\1.2.0\opentest4j-1.2.0.jar;D:\ProgramIDE\Environment\maven\repository\org\junit\platform\junit-platform-commons\1.8.2\junit-platform-commons-1.8.2.jar;D:\ProgramIDE\Environment\maven\repository\org\apiguardian\apiguardian-api\1.1.2\apiguardian-api-1.1.2.jar;D:\ProgramIDE\Environment\maven\repository\org\junit\jupiter\junit-jupiter-params\5.8.2\junit-jupiter-params-5.8.2.jar;D:\ProgramIDE\Environment\maven\repository\org\junit\jupiter\junit-jupiter-engine\5.8.2\junit-jupiter-engine-5.8.2.jar;D:\ProgramIDE\Environment\maven\repository\org\junit\platform\junit-platform-engine\1.8.2\junit-platform-engine-1.8.2.jar;D:\ProgramIDE\Environment\maven\repository\org\mockito\mockito-core\4.0.0\mockito-core-4.0.0.jar;D:\ProgramIDE\Environment\maven\repository\net\bytebuddy\byte-buddy\1.11.22\byte-buddy-1.11.22.jar;D:\ProgramIDE\Environment\maven\repository\net\bytebuddy\byte-buddy-agent\1.11.22\byte-buddy-agent-1.11.22.jar;D:\ProgramIDE\Environment\maven\repository\org\objenesis\objenesis\3.2\objenesis-3.2.jar;D:\ProgramIDE\Environment\maven\repository\org\mockito\mockito-junit-jupiter\4.0.0\mockito-junit-jupiter-4.0.0.jar;D:\ProgramIDE\Environment\maven\repository\org\skyscreamer\jsonassert\1.5.0\jsonassert-1.5.0.jar;D:\ProgramIDE\Environment\maven\repository\com\vaadin\external\google\android-json\0.0.20131108.vaadin1\android-json-0.0.20131108.vaadin1.jar;D:\ProgramIDE\Environment\maven\repository\org\springframework\spring-test\5.3.15\spring-test-5.3.15.jar;D:\ProgramIDE\Environment\maven\repository\org\xmlunit\xmlunit-core\2.8.4\xmlunit-core-2.8.4.jar;D:\ProgramIDE\Environment\maven\repository\com\baomidou\mybatis-plus-boot-starter\3.5.1\mybatis-plus-boot-starter-3.5.1.jar;D:\ProgramIDE\Environment\maven\repository\com\baomidou\mybatis-plus\3.5.1\mybatis-plus-3.5.1.jar;D:\ProgramIDE\Environment\maven\repository\com\baomidou\mybatis-plus-extension\3.5.1\mybatis-plus-extension-3.5.1.jar;D:\ProgramIDE\Environment\maven\repository\com\baomidou\mybatis-plus-core\3.5.1\mybatis-plus-core-3.5.1.jar;D:\ProgramIDE\Environment\maven\repository\com\baomidou\mybatis-plus-annotation\3.5.1\mybatis-plus-annotation-3.5.1.jar;D:\ProgramIDE\Environment\maven\repository\com\github\jsqlparser\jsqlparser\4.3\jsqlparser-4.3.jar;D:\ProgramIDE\Environment\maven\repository\org\mybatis\mybatis\3.5.9\mybatis-3.5.9.jar;D:\ProgramIDE\Environment\maven\repository\org\mybatis\mybatis-spring\2.0.6\mybatis-spring-2.0.6.jar;D:\ProgramIDE\Environment\maven\repository\org\springframework\boot\spring-boot-starter-jdbc\2.6.3\spring-boot-starter-jdbc-2.6.3.jar;D:\ProgramIDE\Environment\maven\repository\com\zaxxer\HikariCP\4.0.3\HikariCP-4.0.3.jar;D:\ProgramIDE\Environment\maven\repository\org\springframework\spring-jdbc\5.3.15\spring-jdbc-5.3.15.jar;D:\ProgramIDE\Environment\maven\repository\com\h2database\h2\1.4.200\h2-1.4.200.jar;D:\ProgramIDE\Environment\maven\repository\mysql\mysql-connector-java\8.0.18\mysql-connector-java-8.0.18.jar;D:\ProgramIDE\Environment\maven\repository\org\springframework\boot\spring-boot-starter-data-jpa\2.6.3\spring-boot-starter-data-jpa-2.6.3.jar;D:\ProgramIDE\Environment\maven\repository\org\springframework\boot\spring-boot-starter-aop\2.6.3\spring-boot-starter-aop-2.6.3.jar;D:\ProgramIDE\Environment\maven\repository\org\aspectj\aspectjweaver\1.9.7\aspectjweaver-1.9.7.jar;D:\ProgramIDE\Environment\maven\repository\jakarta\transaction\jakarta.transaction-api\1.3.3\jakarta.transaction-api-1.3.3.jar;D:\ProgramIDE\Environment\maven\repository\jakarta\persistence\jakarta.persistence-api\2.2.3\jakarta.persistence-api-2.2.3.jar;D:\ProgramIDE\Environment\maven\repository\org\hibernate\hibernate-core\5.6.4.Final\hibernate-core-5.6.4.Final.jar;D:\ProgramIDE\Environment\maven\repository\org\jboss\logging\jboss-logging\3.4.3.Final\jboss-logging-3.4.3.Final.jar;D:\ProgramIDE\Environment\maven\repository\antlr\antlr\2.7.7\antlr-2.7.7.jar;D:\ProgramIDE\Environment\maven\repository\org\jboss\jandex\2.4.2.Final\jandex-2.4.2.Final.jar;D:\ProgramIDE\Environment\maven\repository\org\hibernate\common\hibernate-commons-annotations\5.1.2.Final\hibernate-commons-annotations-5.1.2.Final.jar;D:\ProgramIDE\Environment\maven\repository\org\glassfish\jaxb\jaxb-runtime\2.3.5\jaxb-runtime-2.3.5.jar;D:\ProgramIDE\Environment\maven\repository\org\glassfish\jaxb\txw2\2.3.5\txw2-2.3.5.jar;D:\ProgramIDE\Environment\maven\repository\com\sun\istack\istack-commons-runtime\3.0.12\istack-commons-runtime-3.0.12.jar;D:\ProgramIDE\Environment\maven\repository\com\sun\activation\jakarta.activation\1.2.2\jakarta.activation-1.2.2.jar;D:\ProgramIDE\Environment\maven\repository\org\springframework\data\spring-data-jpa\2.6.1\spring-data-jpa-2.6.1.jar;D:\ProgramIDE\Environment\maven\repository\org\springframework\data\spring-data-commons\2.6.1\spring-data-commons-2.6.1.jar;D:\ProgramIDE\Environment\maven\repository\org\springframework\spring-orm\5.3.15\spring-orm-5.3.15.jar;D:\ProgramIDE\Environment\maven\repository\org\springframework\spring-tx\5.3.15\spring-tx-5.3.15.jar;D:\ProgramIDE\Environment\maven\repository\org\springframework\spring-aspects\5.3.15\spring-aspects-5.3.15.jar;D:\ProgramIDE\Environment\maven\repository\org\projectlombok\lombok\1.18.22\lombok-1.18.22.jar;D:\ProgramIDE\Environment\maven\repository\com\alibaba\fastjson\1.2.79\fastjson-1.2.79.jar;D:\ProgramIDE\Environment\maven\repository\com\baomidou\mybatis-plus-generator\3.5.2\mybatis-plus-generator-3.5.2.jar;D:\ProgramIDE\Environment\maven\repository\io\springfox\springfox-swagger2\3.0.0\springfox-swagger2-3.0.0.jar;D:\ProgramIDE\Environment\maven\repository\io\springfox\springfox-spi\3.0.0\springfox-spi-3.0.0.jar;D:\ProgramIDE\Environment\maven\repository\io\springfox\springfox-core\3.0.0\springfox-core-3.0.0.jar;D:\ProgramIDE\Environment\maven\repository\io\springfox\springfox-schema\3.0.0\springfox-schema-3.0.0.jar;D:\ProgramIDE\Environment\maven\repository\io\springfox\springfox-swagger-common\3.0.0\springfox-swagger-common-3.0.0.jar;D:\ProgramIDE\Environment\maven\repository\io\swagger\core\v3\swagger-annotations\2.1.2\swagger-annotations-2.1.2.jar;D:\ProgramIDE\Environment\maven\repository\io\springfox\springfox-spring-web\3.0.0\springfox-spring-web-3.0.0.jar;D:\ProgramIDE\Environment\maven\repository\io\github\classgraph\classgraph\4.8.83\classgraph-4.8.83.jar;D:\ProgramIDE\Environment\maven\repository\io\springfox\springfox-spring-webmvc\3.0.0\springfox-spring-webmvc-3.0.0.jar;D:\ProgramIDE\Environment\maven\repository\io\springfox\springfox-spring-webflux\3.0.0\springfox-spring-webflux-3.0.0.jar;D:\ProgramIDE\Environment\maven\repository\com\fasterxml\classmate\1.5.1\classmate-1.5.1.jar;D:\ProgramIDE\Environment\maven\repository\org\slf4j\slf4j-api\1.7.33\slf4j-api-1.7.33.jar;D:\ProgramIDE\Environment\maven\repository\org\springframework\plugin\spring-plugin-core\2.0.0.RELEASE\spring-plugin-core-2.0.0.RELEASE.jar;D:\ProgramIDE\Environment\maven\repository\org\springframework\plugin\spring-plugin-metadata\2.0.0.RELEASE\spring-plugin-metadata-2.0.0.RELEASE.jar;D:\ProgramIDE\Environment\maven\repository\io\swagger\swagger-annotations\1.5.20\swagger-annotations-1.5.20.jar;D:\ProgramIDE\Environment\maven\repository\io\swagger\swagger-models\1.5.20\swagger-models-1.5.20.jar;D:\ProgramIDE\Environment\maven\repository\org\mapstruct\mapstruct\1.3.1.Final\mapstruct-1.3.1.Final.jar;D:\ProgramIDE\Environment\maven\repository\io\springfox\springfox-swagger-ui\3.0.0\springfox-swagger-ui-3.0.0.jar;D:\ProgramIDE\Environment\maven\repository\org\springframework\boot\spring-boot-starter-security\2.6.3\spring-boot-starter-security-2.6.3.jar;D:\ProgramIDE\Environment\maven\repository\org\springframework\spring-aop\5.3.15\spring-aop-5.3.15.jar;D:\ProgramIDE\Environment\maven\repository\org\springframework\security\spring-security-config\5.6.1\spring-security-config-5.6.1.jar;D:\ProgramIDE\Environment\maven\repository\org\springframework\security\spring-security-core\5.6.1\spring-security-core-5.6.1.jar;D:\ProgramIDE\Environment\maven\repository\org\springframework\security\spring-security-crypto\5.6.1\spring-security-crypto-5.6.1.jar;D:\ProgramIDE\Environment\maven\repository\org\springframework\security\spring-security-web\5.6.1\spring-security-web-5.6.1.jar;D:\ProgramIDE\Environment\maven\repository\org\springframework\boot\spring-boot-starter-data-redis\2.6.3\spring-boot-starter-data-redis-2.6.3.jar;D:\ProgramIDE\Environment\maven\repository\org\springframework\data\spring-data-redis\2.6.1\spring-data-redis-2.6.1.jar;D:\ProgramIDE\Environment\maven\repository\org\springframework\data\spring-data-keyvalue\2.6.1\spring-data-keyvalue-2.6.1.jar;D:\ProgramIDE\Environment\maven\repository\org\springframework\spring-oxm\5.3.15\spring-oxm-5.3.15.jar;D:\ProgramIDE\Environment\maven\repository\org\springframework\spring-context-support\5.3.15\spring-context-support-5.3.15.jar;D:\ProgramIDE\Environment\maven\repository\io\lettuce\lettuce-core\6.1.6.RELEASE\lettuce-core-6.1.6.RELEASE.jar;D:\ProgramIDE\Environment\maven\repository\io\netty\netty-common\4.1.73.Final\netty-common-4.1.73.Final.jar;D:\ProgramIDE\Environment\maven\repository\io\netty\netty-handler\4.1.73.Final\netty-handler-4.1.73.Final.jar;D:\ProgramIDE\Environment\maven\repository\io\netty\netty-resolver\4.1.73.Final\netty-resolver-4.1.73.Final.jar;D:\ProgramIDE\Environment\maven\repository\io\netty\netty-buffer\4.1.73.Final\netty-buffer-4.1.73.Final.jar;D:\ProgramIDE\Environment\maven\repository\io\netty\netty-codec\4.1.73.Final\netty-codec-4.1.73.Final.jar;D:\ProgramIDE\Environment\maven\repository\io\netty\netty-tcnative-classes\2.0.46.Final\netty-tcnative-classes-2.0.46.Final.jar;D:\ProgramIDE\Environment\maven\repository\io\netty\netty-transport\4.1.73.Final\netty-transport-4.1.73.Final.jar;D:\ProgramIDE\Environment\maven\repository\io\projectreactor\reactor-core\3.4.14\reactor-core-3.4.14.jar;D:\ProgramIDE\Environment\maven\repository\org\reactivestreams\reactive-streams\1.0.3\reactive-streams-1.0.3.jar;D:\ProgramIDE\Environment\maven\repository\io\jsonwebtoken\jjwt\0.9.0\jjwt-0.9.0.jar;D:\ProgramIDE\Environment\maven\repository\com\fasterxml\jackson\core\jackson-databind\2.13.1\jackson-databind-2.13.1.jar;D:\ProgramIDE\Environment\maven\repository\com\fasterxml\jackson\core\jackson-annotations\2.13.1\jackson-annotations-2.13.1.jar;D:\ProgramIDE\Environment\maven\repository\com\fasterxml\jackson\core\jackson-core\2.13.1\jackson-core-2.13.1.jar;"/>
    <property name="sun.cpu.endian" value="little"/>
    <property name="user.home" value="C:\Users\Lucky"/>
    <property name="user.language" value="zh"/>
    <property name="java.specification.vendor" value="Oracle Corporation"/>
    <property name="java.home" value="D:\ProgramIDE\Environment\java\jdk8\jre"/>
    <property name="basedir" value="D:\CodeArea\Other\NewsApp\news-backend"/>
    <property name="file.separator" value="\"/>
    <property name="line.separator" value="&#10;"/>
    <property name="java.vm.specification.vendor" value="Oracle Corporation"/>
    <property name="java.specification.name" value="Java Platform API Specification"/>
    <property name="java.awt.graphicsenv" value="sun.awt.Win32GraphicsEnvironment"/>
    <property name="surefire.real.class.path" value="C:\Users\Lucky\AppData\Local\Temp\surefire502605804901893059\surefirebooter8374877574509487009.jar"/>
    <property name="sun.boot.class.path" value="D:\ProgramIDE\Environment\java\jdk8\jre\lib\resources.jar;D:\ProgramIDE\Environment\java\jdk8\jre\lib\rt.jar;D:\ProgramIDE\Environment\java\jdk8\jre\lib\sunrsasign.jar;D:\ProgramIDE\Environment\java\jdk8\jre\lib\jsse.jar;D:\ProgramIDE\Environment\java\jdk8\jre\lib\jce.jar;D:\ProgramIDE\Environment\java\jdk8\jre\lib\charsets.jar;D:\ProgramIDE\Environment\java\jdk8\jre\lib\jfr.jar;D:\ProgramIDE\Environment\java\jdk8\jre\classes"/>
    <property name="user.script" value=""/>
    <property name="sun.management.compiler" value="HotSpot 64-Bit Tiered Compilers"/>
    <property name="java.runtime.version" value="1.8.0_301-b09"/>
    <property name="user.name" value="Lucky"/>
    <property name="path.separator" value=";"/>
    <property name="os.version" value="10.0"/>
    <property name="java.endorsed.dirs" value="D:\ProgramIDE\Environment\java\jdk8\jre\lib\endorsed"/>
    <property name="java.runtime.name" value="Java(TM) SE Runtime Environment"/>
    <property name="file.encoding" value="GBK"/>
    <property name="java.vm.name" value="Java HotSpot(TM) 64-Bit Server VM"/>
    <property name="localRepository" value="D:\ProgramIDE\Environment\maven\repository"/>
    <property name="java.vendor.url.bug" value="http://bugreport.sun.com/bugreport/"/>
    <property name="java.io.tmpdir" value="C:\Users\Lucky\AppData\Local\Temp\"/>
    <property name="idea.version" value="2021.3.2"/>
    <property name="java.version" value="1.8.0_301"/>
    <property name="user.dir" value="D:\CodeArea\Other\NewsApp\news-backend"/>
    <property name="os.arch" value="amd64"/>
    <property name="java.vm.specification.name" value="Java Virtual Machine Specification"/>
    <property name="java.awt.printerjob" value="sun.awt.windows.WPrinterJob"/>
    <property name="sun.os.patch.level" value=""/>
    <property name="java.library.path" value="D:\ProgramIDE\Environment\java\jdk8\jre\bin;C:\Windows\Sun\Java\bin;C:\Windows\system32;C:\Windows;D:\ProgramIDE\Environment\java\jdk8\bin;C:\Program Files (x86)\Common Files\Oracle\Java\javapath;C:\Windows\system32;C:\Windows;C:\Windows\System32\Wbem;C:\Windows\System32\WindowsPowerShell\v1.0\;C:\Windows\System32\OpenSSH\;C:\Program Files (x86)\NVIDIA Corporation\PhysX\Common;C:\Program Files\NVIDIA Corporation\NVIDIA NvDLISR;D:\ProgramIDE\Environment\mysql\mysql-5.7.35-winx64\bin;D:\ProgramIDE\Environment\maven\apache-maven-3.8.4\bin;D:\ProgramIDE\Tools\Git\cmd;D:\ProgramIDE\NiceTools\Git\cmd;D:\ProgramIDE\Environment\Redis;D:\ProgramIDE\Environment\python\Scripts\;D:\ProgramIDE\Environment\python\;C:\Users\Lucky\AppData\Local\Microsoft\WindowsApps;D:\ProgramIDE\Tools\Pycharm\PyCharm 2021.3.1\bin;;;D:\ProgramIDE\CodeTools\VSCODE\Microsoft VS Code\bin;D:\ProgramIDE\CodeTools\IDEA\IntelliJ IDEA 2021.3.2\bin;;."/>
    <property name="java.vm.info" value="mixed mode"/>
    <property name="java.vendor" value="Oracle Corporation"/>
    <property name="java.vm.version" value="25.301-b09"/>
    <property name="java.ext.dirs" value="D:\ProgramIDE\Environment\java\jdk8\jre\lib\ext;C:\Windows\Sun\Java\lib\ext"/>
    <property name="sun.io.unicode.encoding" value="UnicodeLittle"/>
    <property name="maven.repo.local" value="D:\ProgramIDE\Environment\maven\repository"/>
    <property name="java.class.version" value="52.0"/>
  </properties>
  <testcase name="contextLoads" classname="com.hfut.newsbackend.NewsInfoMapperBackendApplicationTests" time="0.126"/>
</testsuite>